C:\USERS\ELECTRONICS\DOCUMENTS\VISUAL STUDIO 2012\PROJECTS\PROJECT1\PROJECT1\DEBUG\MYFORM21.OBJ
C:\USERS\ELECTRONICS\DOCUMENTS\VISUAL STUDIO 2012\PROJECTS\PROJECT1\PROJECT1\DEBUG\MYFORM1.OBJ
C:\USERS\ELECTRONICS\DOCUMENTS\VISUAL STUDIO 2012\PROJECTS\PROJECT1\PROJECT1\DEBUG\.NETFRAMEWORK,VERSION=V4.5.ASSEMBLYATTRIBUTES.OBJ
C:\USERS\ELECTRONICS\DOCUMENTS\VISUAL STUDIO 2012\PROJECTS\PROJECT1\PROJECT1\DEBUG\VC110.PDB
C:\USERS\ELECTRONICS\DOCUMENTS\VISUAL STUDIO 2012\PROJECTS\PROJECT1\PROJECT1\DEBUG\MYFORM.OBJ
C:\USERS\ELECTRONICS\DOCUMENTS\VISUAL STUDIO 2012\PROJECTS\PROJECT1\PROJECT1\DEBUG\MYFORM12.OBJ
C:\USERS\ELECTRONICS\DOCUMENTS\VISUAL STUDIO 2012\PROJECTS\PROJECT1\PROJECT1\DEBUG\MYFORM11.OBJ
C:\USERS\ELECTRONICS\DOCUMENTS\VISUAL STUDIO 2012\PROJECTS\PROJECT1\DEBUG\PROJECT1.ILK
C:\USERS\ELECTRONICS\DOCUMENTS\VISUAL STUDIO 2012\PROJECTS\PROJECT1\DEBUG\PROJECT1.EXE
C:\USERS\ELECTRONICS\DOCUMENTS\VISUAL STUDIO 2012\PROJECTS\PROJECT1\DEBUG\PROJECT1.PDB
c:\Users\electronics\documents\visual studio 2012\Projects\Project1\Project1\Debug\Project1.MyForm1.resources
c:\Users\electronics\documents\visual studio 2012\Projects\Project1\Project1\Debug\Project1.MyForm21.resources
c:\Users\electronics\documents\visual studio 2012\Projects\Project1\Project1\Debug\Project1.MyForm.resources
c:\Users\electronics\documents\visual studio 2012\Projects\Project1\Project1\Debug\Project1.MyForm11.resources
c:\Users\electronics\documents\visual studio 2012\Projects\Project1\Project1\Debug\Project1.MyForm12.resources
c:\Users\electronics\documents\visual studio 2012\Projects\Project1\Project1\Debug\Project1.vcxproj.GenerateResource.Cache
c:\Users\electronics\documents\visual studio 2012\Projects\Project1\Project1\Debug\Project1.vcxprojResolveAssemblyReference.cache
c:\Users\electronics\documents\visual studio 2012\Projects\Project1\Project1\Debug\.NETFramework,Version=v4.5.AssemblyAttributes.obj
c:\Users\electronics\documents\visual studio 2012\Projects\Project1\Project1\Debug\MyForm.obj
c:\Users\electronics\documents\visual studio 2012\Projects\Project1\Project1\Debug\MyForm1.obj
c:\Users\electronics\documents\visual studio 2012\Projects\Project1\Project1\Debug\MyForm11.obj
c:\Users\electronics\documents\visual studio 2012\Projects\Project1\Project1\Debug\MyForm12.obj
c:\Users\electronics\documents\visual studio 2012\Projects\Project1\Project1\Debug\MyForm21.obj
c:\Users\electronics\documents\visual studio 2012\Projects\Project1\Project1\Debug\cl.command.1.tlog
c:\Users\electronics\documents\visual studio 2012\Projects\Project1\Project1\Debug\CL.read.1.tlog
c:\Users\electronics\documents\visual studio 2012\Projects\Project1\Project1\Debug\CL.write.1.tlog
c:\Users\electronics\documents\visual studio 2012\Projects\Project1\Project1\Debug\link.14680-cvtres.read.1.tlog
c:\Users\electronics\documents\visual studio 2012\Projects\Project1\Project1\Debug\link.14680-cvtres.write.1.tlog
c:\Users\electronics\documents\visual studio 2012\Projects\Project1\Project1\Debug\link.14680-rc.read.1.tlog
c:\Users\electronics\documents\visual studio 2012\Projects\Project1\Project1\Debug\link.14680-rc.write.1.tlog
c:\Users\electronics\documents\visual studio 2012\Projects\Project1\Project1\Debug\link.14680.read.1.tlog
c:\Users\electronics\documents\visual studio 2012\Projects\Project1\Project1\Debug\link.14680.write.1.tlog
c:\Users\electronics\documents\visual studio 2012\Projects\Project1\Project1\Debug\link.9784-cvtres.read.1.tlog
c:\Users\electronics\documents\visual studio 2012\Projects\Project1\Project1\Debug\link.9784-cvtres.write.1.tlog
c:\Users\electronics\documents\visual studio 2012\Projects\Project1\Project1\Debug\link.9784-rc.read.1.tlog
c:\Users\electronics\documents\visual studio 2012\Projects\Project1\Project1\Debug\link.9784-rc.write.1.tlog
c:\Users\electronics\documents\visual studio 2012\Projects\Project1\Project1\Debug\link.9784.read.1.tlog
c:\Users\electronics\documents\visual studio 2012\Projects\Project1\Project1\Debug\link.9784.write.1.tlog
c:\Users\electronics\documents\visual studio 2012\Projects\Project1\Project1\Debug\link.command.1.tlog
c:\Users\electronics\documents\visual studio 2012\Projects\Project1\Project1\Debug\link.read.1.tlog
c:\Users\electronics\documents\visual studio 2012\Projects\Project1\Project1\Debug\link.write.1.tlog
c:\Users\electronics\documents\visual studio 2012\Projects\Project1\Project1\Debug\metagen.read.1.tlog
c:\Users\electronics\documents\visual studio 2012\Projects\Project1\Project1\Debug\metagen.write.1.tlog
c:\Users\electronics\documents\visual studio 2012\Projects\Project1\Project1\Debug\Project1.write.1.tlog
c:\Users\electronics\documents\visual studio 2012\Projects\Project1\Project1\Debug\vc110.pdb
c:\Users\electronics\documents\visual studio 2012\Projects\Project1\Project1\Debug\TZRES.DLL.bi
c:\users\electronics\documents\visual studio 2012\Projects\Project1\Debug\Project1.pdb
c:\users\electronics\documents\visual studio 2012\Projects\Project1\Debug\Project1.exe
c:\users\electronics\documents\visual studio 2012\Projects\Project1\Debug\Project1.ilk
